
11/13/2022 10:34:25 AM  INFO Started logs 
11/13/2022 10:34:25 AM  INFO check job bkbbpybgb555 
11/13/2022 10:34:40 AM  INFO Started logs 
11/13/2022 10:34:40 AM  INFO check job bkbbpybgb555 
11/13/2022 10:34:40 AM  WARNING is when this event was logged.
11/13/2022 10:34:40 AM  INFO Finished logs
11/13/2022 10:35:48 AM  INFO Started logs 
11/13/2022 10:35:48 AM  INFO check job bkb --> bpybgb555 
11/13/2022 10:35:48 AM  WARNING is when this event was logged.
11/13/2022 10:35:48 AM  INFO Finished logs
11/13/2022 10:40:04 AM  INFO Started logs 
11/13/2022 10:40:04 AM  INFO check job bkb --> bpybgb555 
11/13/2022 10:40:04 AM  WARNING is when this event was logged.
11/13/2022 10:40:04 AM  INFO Finished logs
11/13/2022 10:42:36 AM  INFO Started logs 
11/13/2022 10:42:36 AM  INFO check job bkb --> bpybgb555 
11/13/2022 10:42:55 AM  INFO Started logs 
11/13/2022 10:42:55 AM  INFO check job bkb --> bpybgb555 
11/13/2022 10:42:55 AM  WARNING is when this event was logged.
11/13/2022 10:42:55 AM  INFO Finished logs
11/13/2022 10:44:30 AM  INFO Started logs 
11/13/2022 10:44:30 AM  INFO check job bkb --> bpybgb555 
11/13/2022 10:44:30 AM  WARNING is when this event was logged.
11/13/2022 10:44:30 AM  INFO Finished logs
11/13/2022 10:44:51 AM  INFO Started logs 
11/13/2022 10:44:51 AM  INFO check job bkb --> bpybgb555 
11/13/2022 10:44:51 AM  WARNING is when this event was logged.
11/13/2022 10:44:51 AM  INFO Finished logs
11/13/2022 10:45:06 AM  INFO Started logs 
11/13/2022 10:45:06 AM  INFO check job bkb --> bpybgb555 
11/13/2022 10:45:06 AM  WARNING is when this event was logged.
11/13/2022 10:45:06 AM  INFO Finished logs
11/13/2022 10:45:25 AM  INFO Started logs 
11/13/2022 10:45:25 AM  INFO check job bkb --> bpybgb555 
11/13/2022 10:45:25 AM  WARNING is when this event was logged.
11/13/2022 10:45:25 AM  INFO Finished logs
11/13/2022 10:45:39 AM  INFO Started logs 
11/13/2022 10:45:39 AM  INFO check job bkb --> bpybgb555 
11/13/2022 10:45:39 AM  WARNING is when this event was logged.
11/13/2022 10:45:39 AM  INFO Finished logs
11/13/2022 11:23:45 AM  INFO Started logs 
11/13/2022 11:23:45 AM  INFO check job bkb --> 192.168.2.66 
11/13/2022 11:23:45 AM  INFO Finished logs
11/13/2022 11:37:02 AM  INFO Started logs 
11/13/2022 11:37:02 AM  INFO check job bkb --> 192.168.2.66 
11/13/2022 11:37:02 AM  INFO Finished logs
11/13/2022 11:43:23 AM  INFO Started logs 
11/13/2022 11:43:23 AM  INFO check job bkb --> 192.168.2.66 
11/13/2022 11:43:23 AM  INFO Finished logs
11/13/2022 11:44:01 AM  INFO Started logs 
11/13/2022 11:44:01 AM  INFO check job bkb --> 192.168.2.66 
11/13/2022 11:44:01 AM  INFO Finished logs
11/15/2022 06:56:26 PM  INFO Started logs 
11/15/2022 06:56:26 PM  INFO Lecture IP GW de la liste --> 192.168.2.66 
11/15/2022 06:56:26 PM  INFO Lecture IP GW de la liste --> 192.168.2.247 
11/15/2022 06:56:26 PM  INFO check job bkb --> 192.168.2.66 
11/15/2022 06:56:26 PM  INFO Finished logs
11/15/2022 06:56:32 PM  INFO Started logs 
11/15/2022 06:56:32 PM  INFO Lecture IP GW de la liste --> 192.168.2.66 
11/15/2022 06:56:32 PM  INFO Lecture IP GW de la liste --> 192.168.2.247 
11/15/2022 06:56:32 PM  INFO check job bkb --> 192.168.2.66 
11/15/2022 06:56:32 PM  INFO Finished logs
11/15/2022 07:02:34 PM  INFO Started logs 
11/15/2022 07:02:34 PM  INFO Lecture IP GW de la liste --> 192.168.2.247
11/15/2022 07:02:55 PM  INFO Started logs 
11/15/2022 07:02:55 PM  INFO Lecture IP GW de la liste --> 192.168.2.247
11/15/2022 07:03:34 PM  INFO Started logs 
11/15/2022 07:03:34 PM  INFO Lecture IP GW de la liste --> 192.168.2.247
11/15/2022 07:03:34 PM  INFO Finished logs
